G:\USERS\STEVEN\DOCUMENTS\VISUAL STUDIO 2012\PROJECTS\CS109HW3\CS109HW3\DEBUG\REFACTOR.OBJ
G:\USERS\STEVEN\DOCUMENTS\VISUAL STUDIO 2012\PROJECTS\CS109HW3\CS109HW3\DEBUG\VC110.PDB
G:\USERS\STEVEN\DOCUMENTS\VISUAL STUDIO 2012\PROJECTS\CS109HW3\DEBUG\CS109HW3.ILK
G:\USERS\STEVEN\DOCUMENTS\VISUAL STUDIO 2012\PROJECTS\CS109HW3\DEBUG\CS109HW3.EXE
G:\USERS\STEVEN\DOCUMENTS\VISUAL STUDIO 2012\PROJECTS\CS109HW3\DEBUG\CS109HW3.PDB
G:\Users\Steven\Documents\Visual Studio 2012\Projects\cs109hw3\cs109hw3\Debug\refactor.obj
G:\Users\Steven\Documents\Visual Studio 2012\Projects\cs109hw3\cs109hw3\Debug\cl.command.1.tlog
G:\Users\Steven\Documents\Visual Studio 2012\Projects\cs109hw3\cs109hw3\Debug\CL.read.1.tlog
G:\Users\Steven\Documents\Visual Studio 2012\Projects\cs109hw3\cs109hw3\Debug\CL.write.1.tlog
G:\Users\Steven\Documents\Visual Studio 2012\Projects\cs109hw3\cs109hw3\Debug\link-cvtres.read.1.tlog
G:\Users\Steven\Documents\Visual Studio 2012\Projects\cs109hw3\cs109hw3\Debug\link-cvtres.write.1.tlog
G:\Users\Steven\Documents\Visual Studio 2012\Projects\cs109hw3\cs109hw3\Debug\link-rc.read.1.tlog
G:\Users\Steven\Documents\Visual Studio 2012\Projects\cs109hw3\cs109hw3\Debug\link-rc.write.1.tlog
G:\Users\Steven\Documents\Visual Studio 2012\Projects\cs109hw3\cs109hw3\Debug\link.10060-cvtres.read.1.tlog
G:\Users\Steven\Documents\Visual Studio 2012\Projects\cs109hw3\cs109hw3\Debug\link.10060-cvtres.write.1.tlog
G:\Users\Steven\Documents\Visual Studio 2012\Projects\cs109hw3\cs109hw3\Debug\link.10060-rc.read.1.tlog
G:\Users\Steven\Documents\Visual Studio 2012\Projects\cs109hw3\cs109hw3\Debug\link.10060-rc.write.1.tlog
G:\Users\Steven\Documents\Visual Studio 2012\Projects\cs109hw3\cs109hw3\Debug\link.10060.read.1.tlog
G:\Users\Steven\Documents\Visual Studio 2012\Projects\cs109hw3\cs109hw3\Debug\link.10060.write.1.tlog
G:\Users\Steven\Documents\Visual Studio 2012\Projects\cs109hw3\cs109hw3\Debug\link.10204-cvtres.read.1.tlog
G:\Users\Steven\Documents\Visual Studio 2012\Projects\cs109hw3\cs109hw3\Debug\link.10204-cvtres.write.1.tlog
G:\Users\Steven\Documents\Visual Studio 2012\Projects\cs109hw3\cs109hw3\Debug\link.10204-rc.read.1.tlog
G:\Users\Steven\Documents\Visual Studio 2012\Projects\cs109hw3\cs109hw3\Debug\link.10204-rc.write.1.tlog
G:\Users\Steven\Documents\Visual Studio 2012\Projects\cs109hw3\cs109hw3\Debug\link.10204.read.1.tlog
G:\Users\Steven\Documents\Visual Studio 2012\Projects\cs109hw3\cs109hw3\Debug\link.10204.write.1.tlog
G:\Users\Steven\Documents\Visual Studio 2012\Projects\cs109hw3\cs109hw3\Debug\link.10268-cvtres.read.1.tlog
G:\Users\Steven\Documents\Visual Studio 2012\Projects\cs109hw3\cs109hw3\Debug\link.10268-cvtres.write.1.tlog
G:\Users\Steven\Documents\Visual Studio 2012\Projects\cs109hw3\cs109hw3\Debug\link.10268-rc.read.1.tlog
G:\Users\Steven\Documents\Visual Studio 2012\Projects\cs109hw3\cs109hw3\Debug\link.10268-rc.write.1.tlog
G:\Users\Steven\Documents\Visual Studio 2012\Projects\cs109hw3\cs109hw3\Debug\link.10268.read.1.tlog
G:\Users\Steven\Documents\Visual Studio 2012\Projects\cs109hw3\cs109hw3\Debug\link.10268.write.1.tlog
G:\Users\Steven\Documents\Visual Studio 2012\Projects\cs109hw3\cs109hw3\Debug\link.10468-cvtres.read.1.tlog
G:\Users\Steven\Documents\Visual Studio 2012\Projects\cs109hw3\cs109hw3\Debug\link.10468-cvtres.write.1.tlog
G:\Users\Steven\Documents\Visual Studio 2012\Projects\cs109hw3\cs109hw3\Debug\link.10468-rc.read.1.tlog
G:\Users\Steven\Documents\Visual Studio 2012\Projects\cs109hw3\cs109hw3\Debug\link.10468-rc.write.1.tlog
G:\Users\Steven\Documents\Visual Studio 2012\Projects\cs109hw3\cs109hw3\Debug\link.10468.read.1.tlog
G:\Users\Steven\Documents\Visual Studio 2012\Projects\cs109hw3\cs109hw3\Debug\link.10468.write.1.tlog
G:\Users\Steven\Documents\Visual Studio 2012\Projects\cs109hw3\cs109hw3\Debug\link.11376-cvtres.read.1.tlog
G:\Users\Steven\Documents\Visual Studio 2012\Projects\cs109hw3\cs109hw3\Debug\link.11376-cvtres.write.1.tlog
G:\Users\Steven\Documents\Visual Studio 2012\Projects\cs109hw3\cs109hw3\Debug\link.11376-rc.read.1.tlog
G:\Users\Steven\Documents\Visual Studio 2012\Projects\cs109hw3\cs109hw3\Debug\link.11376-rc.write.1.tlog
G:\Users\Steven\Documents\Visual Studio 2012\Projects\cs109hw3\cs109hw3\Debug\link.11376.read.1.tlog
G:\Users\Steven\Documents\Visual Studio 2012\Projects\cs109hw3\cs109hw3\Debug\link.11376.write.1.tlog
G:\Users\Steven\Documents\Visual Studio 2012\Projects\cs109hw3\cs109hw3\Debug\link.11572-cvtres.read.1.tlog
G:\Users\Steven\Documents\Visual Studio 2012\Projects\cs109hw3\cs109hw3\Debug\link.11572-cvtres.write.1.tlog
G:\Users\Steven\Documents\Visual Studio 2012\Projects\cs109hw3\cs109hw3\Debug\link.11572-rc.read.1.tlog
G:\Users\Steven\Documents\Visual Studio 2012\Projects\cs109hw3\cs109hw3\Debug\link.11572-rc.write.1.tlog
G:\Users\Steven\Documents\Visual Studio 2012\Projects\cs109hw3\cs109hw3\Debug\link.11572.read.1.tlog
G:\Users\Steven\Documents\Visual Studio 2012\Projects\cs109hw3\cs109hw3\Debug\link.11572.write.1.tlog
G:\Users\Steven\Documents\Visual Studio 2012\Projects\cs109hw3\cs109hw3\Debug\link.12912-cvtres.read.1.tlog
G:\Users\Steven\Documents\Visual Studio 2012\Projects\cs109hw3\cs109hw3\Debug\link.12912-cvtres.write.1.tlog
G:\Users\Steven\Documents\Visual Studio 2012\Projects\cs109hw3\cs109hw3\Debug\link.12912-rc.read.1.tlog
G:\Users\Steven\Documents\Visual Studio 2012\Projects\cs109hw3\cs109hw3\Debug\link.12912-rc.write.1.tlog
G:\Users\Steven\Documents\Visual Studio 2012\Projects\cs109hw3\cs109hw3\Debug\link.12912.read.1.tlog
G:\Users\Steven\Documents\Visual Studio 2012\Projects\cs109hw3\cs109hw3\Debug\link.12912.write.1.tlog
G:\Users\Steven\Documents\Visual Studio 2012\Projects\cs109hw3\cs109hw3\Debug\link.13368-cvtres.read.1.tlog
G:\Users\Steven\Documents\Visual Studio 2012\Projects\cs109hw3\cs109hw3\Debug\link.13368-cvtres.write.1.tlog
G:\Users\Steven\Documents\Visual Studio 2012\Projects\cs109hw3\cs109hw3\Debug\link.13368-rc.read.1.tlog
G:\Users\Steven\Documents\Visual Studio 2012\Projects\cs109hw3\cs109hw3\Debug\link.13368-rc.write.1.tlog
G:\Users\Steven\Documents\Visual Studio 2012\Projects\cs109hw3\cs109hw3\Debug\link.13368.read.1.tlog
G:\Users\Steven\Documents\Visual Studio 2012\Projects\cs109hw3\cs109hw3\Debug\link.13368.write.1.tlog
G:\Users\Steven\Documents\Visual Studio 2012\Projects\cs109hw3\cs109hw3\Debug\link.14312-cvtres.read.1.tlog
G:\Users\Steven\Documents\Visual Studio 2012\Projects\cs109hw3\cs109hw3\Debug\link.14312-cvtres.write.1.tlog
G:\Users\Steven\Documents\Visual Studio 2012\Projects\cs109hw3\cs109hw3\Debug\link.14312-rc.read.1.tlog
G:\Users\Steven\Documents\Visual Studio 2012\Projects\cs109hw3\cs109hw3\Debug\link.14312-rc.write.1.tlog
G:\Users\Steven\Documents\Visual Studio 2012\Projects\cs109hw3\cs109hw3\Debug\link.14312.read.1.tlog
G:\Users\Steven\Documents\Visual Studio 2012\Projects\cs109hw3\cs109hw3\Debug\link.14312.write.1.tlog
G:\Users\Steven\Documents\Visual Studio 2012\Projects\cs109hw3\cs109hw3\Debug\link.14352-cvtres.read.1.tlog
G:\Users\Steven\Documents\Visual Studio 2012\Projects\cs109hw3\cs109hw3\Debug\link.14352-cvtres.write.1.tlog
G:\Users\Steven\Documents\Visual Studio 2012\Projects\cs109hw3\cs109hw3\Debug\link.14352-rc.read.1.tlog
G:\Users\Steven\Documents\Visual Studio 2012\Projects\cs109hw3\cs109hw3\Debug\link.14352-rc.write.1.tlog
G:\Users\Steven\Documents\Visual Studio 2012\Projects\cs109hw3\cs109hw3\Debug\link.14352.read.1.tlog
G:\Users\Steven\Documents\Visual Studio 2012\Projects\cs109hw3\cs109hw3\Debug\link.14352.write.1.tlog
G:\Users\Steven\Documents\Visual Studio 2012\Projects\cs109hw3\cs109hw3\Debug\link.14472-cvtres.read.1.tlog
G:\Users\Steven\Documents\Visual Studio 2012\Projects\cs109hw3\cs109hw3\Debug\link.14472-cvtres.write.1.tlog
G:\Users\Steven\Documents\Visual Studio 2012\Projects\cs109hw3\cs109hw3\Debug\link.14472-rc.read.1.tlog
G:\Users\Steven\Documents\Visual Studio 2012\Projects\cs109hw3\cs109hw3\Debug\link.14472-rc.write.1.tlog
G:\Users\Steven\Documents\Visual Studio 2012\Projects\cs109hw3\cs109hw3\Debug\link.14472.read.1.tlog
G:\Users\Steven\Documents\Visual Studio 2012\Projects\cs109hw3\cs109hw3\Debug\link.14472.write.1.tlog
G:\Users\Steven\Documents\Visual Studio 2012\Projects\cs109hw3\cs109hw3\Debug\link.14824-cvtres.read.1.tlog
G:\Users\Steven\Documents\Visual Studio 2012\Projects\cs109hw3\cs109hw3\Debug\link.14824-cvtres.write.1.tlog
G:\Users\Steven\Documents\Visual Studio 2012\Projects\cs109hw3\cs109hw3\Debug\link.14824-rc.read.1.tlog
G:\Users\Steven\Documents\Visual Studio 2012\Projects\cs109hw3\cs109hw3\Debug\link.14824-rc.write.1.tlog
G:\Users\Steven\Documents\Visual Studio 2012\Projects\cs109hw3\cs109hw3\Debug\link.14824.read.1.tlog
G:\Users\Steven\Documents\Visual Studio 2012\Projects\cs109hw3\cs109hw3\Debug\link.14824.write.1.tlog
G:\Users\Steven\Documents\Visual Studio 2012\Projects\cs109hw3\cs109hw3\Debug\link.15032-cvtres.read.1.tlog
G:\Users\Steven\Documents\Visual Studio 2012\Projects\cs109hw3\cs109hw3\Debug\link.15032-cvtres.write.1.tlog
G:\Users\Steven\Documents\Visual Studio 2012\Projects\cs109hw3\cs109hw3\Debug\link.15032-rc.read.1.tlog
G:\Users\Steven\Documents\Visual Studio 2012\Projects\cs109hw3\cs109hw3\Debug\link.15032-rc.write.1.tlog
G:\Users\Steven\Documents\Visual Studio 2012\Projects\cs109hw3\cs109hw3\Debug\link.15032.read.1.tlog
G:\Users\Steven\Documents\Visual Studio 2012\Projects\cs109hw3\cs109hw3\Debug\link.15032.write.1.tlog
G:\Users\Steven\Documents\Visual Studio 2012\Projects\cs109hw3\cs109hw3\Debug\link.15388-cvtres.read.1.tlog
G:\Users\Steven\Documents\Visual Studio 2012\Projects\cs109hw3\cs109hw3\Debug\link.15388-cvtres.write.1.tlog
G:\Users\Steven\Documents\Visual Studio 2012\Projects\cs109hw3\cs109hw3\Debug\link.15388-rc.read.1.tlog
G:\Users\Steven\Documents\Visual Studio 2012\Projects\cs109hw3\cs109hw3\Debug\link.15388-rc.write.1.tlog
G:\Users\Steven\Documents\Visual Studio 2012\Projects\cs109hw3\cs109hw3\Debug\link.15388.read.1.tlog
G:\Users\Steven\Documents\Visual Studio 2012\Projects\cs109hw3\cs109hw3\Debug\link.15388.write.1.tlog
G:\Users\Steven\Documents\Visual Studio 2012\Projects\cs109hw3\cs109hw3\Debug\link.15612-cvtres.read.1.tlog
G:\Users\Steven\Documents\Visual Studio 2012\Projects\cs109hw3\cs109hw3\Debug\link.15612-cvtres.write.1.tlog
G:\Users\Steven\Documents\Visual Studio 2012\Projects\cs109hw3\cs109hw3\Debug\link.15612-rc.read.1.tlog
G:\Users\Steven\Documents\Visual Studio 2012\Projects\cs109hw3\cs109hw3\Debug\link.15612-rc.write.1.tlog
G:\Users\Steven\Documents\Visual Studio 2012\Projects\cs109hw3\cs109hw3\Debug\link.15612.read.1.tlog
G:\Users\Steven\Documents\Visual Studio 2012\Projects\cs109hw3\cs109hw3\Debug\link.15612.write.1.tlog
G:\Users\Steven\Documents\Visual Studio 2012\Projects\cs109hw3\cs109hw3\Debug\link.15648-cvtres.read.1.tlog
G:\Users\Steven\Documents\Visual Studio 2012\Projects\cs109hw3\cs109hw3\Debug\link.15648-cvtres.write.1.tlog
G:\Users\Steven\Documents\Visual Studio 2012\Projects\cs109hw3\cs109hw3\Debug\link.15648-rc.read.1.tlog
G:\Users\Steven\Documents\Visual Studio 2012\Projects\cs109hw3\cs109hw3\Debug\link.15648-rc.write.1.tlog
G:\Users\Steven\Documents\Visual Studio 2012\Projects\cs109hw3\cs109hw3\Debug\link.15648.read.1.tlog
G:\Users\Steven\Documents\Visual Studio 2012\Projects\cs109hw3\cs109hw3\Debug\link.15648.write.1.tlog
G:\Users\Steven\Documents\Visual Studio 2012\Projects\cs109hw3\cs109hw3\Debug\link.16312-cvtres.read.1.tlog
G:\Users\Steven\Documents\Visual Studio 2012\Projects\cs109hw3\cs109hw3\Debug\link.16312-cvtres.write.1.tlog
G:\Users\Steven\Documents\Visual Studio 2012\Projects\cs109hw3\cs109hw3\Debug\link.16312-rc.read.1.tlog
G:\Users\Steven\Documents\Visual Studio 2012\Projects\cs109hw3\cs109hw3\Debug\link.16312-rc.write.1.tlog
G:\Users\Steven\Documents\Visual Studio 2012\Projects\cs109hw3\cs109hw3\Debug\link.16312.read.1.tlog
G:\Users\Steven\Documents\Visual Studio 2012\Projects\cs109hw3\cs109hw3\Debug\link.16312.write.1.tlog
G:\Users\Steven\Documents\Visual Studio 2012\Projects\cs109hw3\cs109hw3\Debug\link.3172-cvtres.read.1.tlog
G:\Users\Steven\Documents\Visual Studio 2012\Projects\cs109hw3\cs109hw3\Debug\link.3172-cvtres.write.1.tlog
G:\Users\Steven\Documents\Visual Studio 2012\Projects\cs109hw3\cs109hw3\Debug\link.3172-rc.read.1.tlog
G:\Users\Steven\Documents\Visual Studio 2012\Projects\cs109hw3\cs109hw3\Debug\link.3172-rc.write.1.tlog
G:\Users\Steven\Documents\Visual Studio 2012\Projects\cs109hw3\cs109hw3\Debug\link.3172.read.1.tlog
G:\Users\Steven\Documents\Visual Studio 2012\Projects\cs109hw3\cs109hw3\Debug\link.3172.write.1.tlog
G:\Users\Steven\Documents\Visual Studio 2012\Projects\cs109hw3\cs109hw3\Debug\link.3948-cvtres.read.1.tlog
G:\Users\Steven\Documents\Visual Studio 2012\Projects\cs109hw3\cs109hw3\Debug\link.3948-cvtres.write.1.tlog
G:\Users\Steven\Documents\Visual Studio 2012\Projects\cs109hw3\cs109hw3\Debug\link.3948-rc.read.1.tlog
G:\Users\Steven\Documents\Visual Studio 2012\Projects\cs109hw3\cs109hw3\Debug\link.3948-rc.write.1.tlog
G:\Users\Steven\Documents\Visual Studio 2012\Projects\cs109hw3\cs109hw3\Debug\link.3948.read.1.tlog
G:\Users\Steven\Documents\Visual Studio 2012\Projects\cs109hw3\cs109hw3\Debug\link.3948.write.1.tlog
G:\Users\Steven\Documents\Visual Studio 2012\Projects\cs109hw3\cs109hw3\Debug\link.4112-cvtres.read.1.tlog
G:\Users\Steven\Documents\Visual Studio 2012\Projects\cs109hw3\cs109hw3\Debug\link.4112-cvtres.write.1.tlog
G:\Users\Steven\Documents\Visual Studio 2012\Projects\cs109hw3\cs109hw3\Debug\link.4112-rc.read.1.tlog
G:\Users\Steven\Documents\Visual Studio 2012\Projects\cs109hw3\cs109hw3\Debug\link.4112-rc.write.1.tlog
G:\Users\Steven\Documents\Visual Studio 2012\Projects\cs109hw3\cs109hw3\Debug\link.4112.read.1.tlog
G:\Users\Steven\Documents\Visual Studio 2012\Projects\cs109hw3\cs109hw3\Debug\link.4112.write.1.tlog
G:\Users\Steven\Documents\Visual Studio 2012\Projects\cs109hw3\cs109hw3\Debug\link.4512-cvtres.read.1.tlog
G:\Users\Steven\Documents\Visual Studio 2012\Projects\cs109hw3\cs109hw3\Debug\link.4512-cvtres.write.1.tlog
G:\Users\Steven\Documents\Visual Studio 2012\Projects\cs109hw3\cs109hw3\Debug\link.4512-rc.read.1.tlog
G:\Users\Steven\Documents\Visual Studio 2012\Projects\cs109hw3\cs109hw3\Debug\link.4512-rc.write.1.tlog
G:\Users\Steven\Documents\Visual Studio 2012\Projects\cs109hw3\cs109hw3\Debug\link.4512.read.1.tlog
G:\Users\Steven\Documents\Visual Studio 2012\Projects\cs109hw3\cs109hw3\Debug\link.4512.write.1.tlog
G:\Users\Steven\Documents\Visual Studio 2012\Projects\cs109hw3\cs109hw3\Debug\link.5444-cvtres.read.1.tlog
G:\Users\Steven\Documents\Visual Studio 2012\Projects\cs109hw3\cs109hw3\Debug\link.5444-cvtres.write.1.tlog
G:\Users\Steven\Documents\Visual Studio 2012\Projects\cs109hw3\cs109hw3\Debug\link.5444-rc.read.1.tlog
G:\Users\Steven\Documents\Visual Studio 2012\Projects\cs109hw3\cs109hw3\Debug\link.5444-rc.write.1.tlog
G:\Users\Steven\Documents\Visual Studio 2012\Projects\cs109hw3\cs109hw3\Debug\link.5444.read.1.tlog
G:\Users\Steven\Documents\Visual Studio 2012\Projects\cs109hw3\cs109hw3\Debug\link.5444.write.1.tlog
G:\Users\Steven\Documents\Visual Studio 2012\Projects\cs109hw3\cs109hw3\Debug\link.5660-cvtres.read.1.tlog
G:\Users\Steven\Documents\Visual Studio 2012\Projects\cs109hw3\cs109hw3\Debug\link.5660-cvtres.write.1.tlog
G:\Users\Steven\Documents\Visual Studio 2012\Projects\cs109hw3\cs109hw3\Debug\link.5660-rc.read.1.tlog
G:\Users\Steven\Documents\Visual Studio 2012\Projects\cs109hw3\cs109hw3\Debug\link.5660-rc.write.1.tlog
G:\Users\Steven\Documents\Visual Studio 2012\Projects\cs109hw3\cs109hw3\Debug\link.5660.read.1.tlog
G:\Users\Steven\Documents\Visual Studio 2012\Projects\cs109hw3\cs109hw3\Debug\link.5660.write.1.tlog
G:\Users\Steven\Documents\Visual Studio 2012\Projects\cs109hw3\cs109hw3\Debug\link.7424-cvtres.read.1.tlog
G:\Users\Steven\Documents\Visual Studio 2012\Projects\cs109hw3\cs109hw3\Debug\link.7424-cvtres.write.1.tlog
G:\Users\Steven\Documents\Visual Studio 2012\Projects\cs109hw3\cs109hw3\Debug\link.7424-rc.read.1.tlog
G:\Users\Steven\Documents\Visual Studio 2012\Projects\cs109hw3\cs109hw3\Debug\link.7424-rc.write.1.tlog
G:\Users\Steven\Documents\Visual Studio 2012\Projects\cs109hw3\cs109hw3\Debug\link.7424.read.1.tlog
G:\Users\Steven\Documents\Visual Studio 2012\Projects\cs109hw3\cs109hw3\Debug\link.7424.write.1.tlog
G:\Users\Steven\Documents\Visual Studio 2012\Projects\cs109hw3\cs109hw3\Debug\link.8604-cvtres.read.1.tlog
G:\Users\Steven\Documents\Visual Studio 2012\Projects\cs109hw3\cs109hw3\Debug\link.8604-cvtres.write.1.tlog
G:\Users\Steven\Documents\Visual Studio 2012\Projects\cs109hw3\cs109hw3\Debug\link.8604-rc.read.1.tlog
G:\Users\Steven\Documents\Visual Studio 2012\Projects\cs109hw3\cs109hw3\Debug\link.8604-rc.write.1.tlog
G:\Users\Steven\Documents\Visual Studio 2012\Projects\cs109hw3\cs109hw3\Debug\link.8604.read.1.tlog
G:\Users\Steven\Documents\Visual Studio 2012\Projects\cs109hw3\cs109hw3\Debug\link.8604.write.1.tlog
G:\Users\Steven\Documents\Visual Studio 2012\Projects\cs109hw3\cs109hw3\Debug\link.command.1.tlog
G:\Users\Steven\Documents\Visual Studio 2012\Projects\cs109hw3\cs109hw3\Debug\link.read.1.tlog
G:\Users\Steven\Documents\Visual Studio 2012\Projects\cs109hw3\cs109hw3\Debug\link.write.1.tlog
G:\Users\Steven\Documents\Visual Studio 2012\Projects\cs109hw3\cs109hw3\Debug\vc110.idb
G:\Users\Steven\Documents\Visual Studio 2012\Projects\cs109hw3\cs109hw3\Debug\vc110.pdb
G:\Users\Steven\Documents\Visual Studio 2012\Projects\cs109hw3\Debug\cs109hw3.pdb
G:\Users\Steven\Documents\Visual Studio 2012\Projects\cs109hw3\Debug\cs109hw3.exe
G:\Users\Steven\Documents\Visual Studio 2012\Projects\cs109hw3\Debug\cs109hw3.ilk
