Build started 5/9/2013 10:07:33 PM.
     1>Project "G:\Users\Steven\Documents\Visual Studio 2012\Projects\cs109hw3\cs109hw3\cs109hw3.vcxproj" on node 2 (Build target(s)).
     1>ClCompile:
         C:\Program Files (x86)\VisualStudio2012\VC\bin\CL.exe /c /ZI /nologo /W3 /WX- /Od /Oy- /D WIN32 /D _DEBUG /D _CONSOLE /D _UNICODE /D UNICODE /Gm /EHsc /RTC1 /MDd /GS /fp:precise /Zc:wchar_t /Zc:forScope /Fo"Debug\\" /Fd"Debug\vc110.pdb" /Gd /TP /analyze- /errorReport:prompt refactor.cpp
         refactor.cpp
     1>g:\users\steven\documents\visual studio 2012\projects\cs109hw3\cs109hw3\refactor.cpp(234): warning C4018: '<' : signed/unsigned mismatch
     1>g:\users\steven\documents\visual studio 2012\projects\cs109hw3\cs109hw3\refactor.cpp(267): warning C4018: '<' : signed/unsigned mismatch
     1>g:\users\steven\documents\visual studio 2012\projects\cs109hw3\cs109hw3\refactor.cpp(272): warning C4018: '<' : signed/unsigned mismatch
     1>g:\users\steven\documents\visual studio 2012\projects\cs109hw3\cs109hw3\refactor.cpp(307): warning C4018: '<' : signed/unsigned mismatch
     1>g:\users\steven\documents\visual studio 2012\projects\cs109hw3\cs109hw3\refactor.cpp(310): warning C4018: '<' : signed/unsigned mismatch
     1>g:\users\steven\documents\visual studio 2012\projects\cs109hw3\cs109hw3\refactor.cpp(377): warning C4018: '<' : signed/unsigned mismatch
     1>g:\users\steven\documents\visual studio 2012\projects\cs109hw3\cs109hw3\refactor.cpp(407): warning C4244: 'argument' : conversion from 'time_t' to 'unsigned int', possible loss of data
     1>g:\users\steven\documents\visual studio 2012\projects\cs109hw3\cs109hw3\refactor.cpp(425): warning C4996: 'strtok': This function or variable may be unsafe. Consider using strtok_s instead. To disable deprecation, use _CRT_SECURE_NO_WARNINGS. See online help for details.
                 c:\program files (x86)\visualstudio2012\vc\include\string.h(200) : see declaration of 'strtok'
     1>g:\users\steven\documents\visual studio 2012\projects\cs109hw3\cs109hw3\refactor.cpp(426): warning C4996: 'strtok': This function or variable may be unsafe. Consider using strtok_s instead. To disable deprecation, use _CRT_SECURE_NO_WARNINGS. See online help for details.
                 c:\program files (x86)\visualstudio2012\vc\include\string.h(200) : see declaration of 'strtok'
     1>g:\users\steven\documents\visual studio 2012\projects\cs109hw3\cs109hw3\refactor.cpp(427): warning C4996: 'strtok': This function or variable may be unsafe. Consider using strtok_s instead. To disable deprecation, use _CRT_SECURE_NO_WARNINGS. See online help for details.
                 c:\program files (x86)\visualstudio2012\vc\include\string.h(200) : see declaration of 'strtok'
     1>g:\users\steven\documents\visual studio 2012\projects\cs109hw3\cs109hw3\refactor.cpp(428): warning C4996: 'strtok': This function or variable may be unsafe. Consider using strtok_s instead. To disable deprecation, use _CRT_SECURE_NO_WARNINGS. See online help for details.
                 c:\program files (x86)\visualstudio2012\vc\include\string.h(200) : see declaration of 'strtok'
       Link:
         C:\Program Files (x86)\VisualStudio2012\VC\bin\link.exe /ERRORREPORT:PROMPT /OUT:"G:\Users\Steven\Documents\Visual Studio 2012\Projects\cs109hw3\Debug\cs109hw3.exe" /INCREMENTAL /NOLOGO kernel32.lib user32.lib gdi32.lib winspool.lib comdlg32.lib advapi32.lib shell32.lib ole32.lib oleaut32.lib uuid.lib odbc32.lib odbccp32.lib /MANIFEST /MANIFESTUAC:"level='asInvoker' uiAccess='false'" /manifest:embed /DEBUG /PDB:"G:\Users\Steven\Documents\Visual Studio 2012\Projects\cs109hw3\Debug\cs109hw3.pdb" /SUBSYSTEM:CONSOLE /TLBID:1 /DYNAMICBASE /NXCOMPAT /IMPLIB:"G:\Users\Steven\Documents\Visual Studio 2012\Projects\cs109hw3\Debug\cs109hw3.lib" /MACHINE:X86 Debug\refactor.obj
         cs109hw3.vcxproj -> G:\Users\Steven\Documents\Visual Studio 2012\Projects\cs109hw3\Debug\cs109hw3.exe
     1>Done Building Project "G:\Users\Steven\Documents\Visual Studio 2012\Projects\cs109hw3\cs109hw3\cs109hw3.vcxproj" (Build target(s)).

Build succeeded.

Time Elapsed 00:00:01.88
