Build started 6/5/2013 2:42:50 PM.
     1>Project "g:\Users\Steven\Documents\Visual Studio 2012\Projects\cs109hw5\cs109hw5\cs109hw5.vcxproj" on node 2 (Build target(s)).
     1>ClCompile:
         C:\Program Files (x86)\VisualStudio2012\VC\bin\CL.exe /c /ZI /nologo /W3 /WX- /Od /Oy- /D WIN32 /D _DEBUG /D _CONSOLE /D _UNICODE /D UNICODE /Gm /EHsc /RTC1 /MDd /GS /fp:precise /Zc:wchar_t /Zc:forScope /Fo"Debug\\" /Fd"Debug\vc110.pdb" /Gd /TP /analyze- /errorReport:prompt cs109hw5.cpp
         cs109hw5.cpp
     1>g:\users\steven\documents\visual studio 2012\projects\cs109hw5\cs109hw5\cs109hw5.cpp(214): warning C4018: '<' : signed/unsigned mismatch
     1>g:\users\steven\documents\visual studio 2012\projects\cs109hw5\cs109hw5\cs109hw5.cpp(234): warning C4018: '<' : signed/unsigned mismatch
     1>g:\users\steven\documents\visual studio 2012\projects\cs109hw5\cs109hw5\cs109hw5.cpp(251): warning C4018: '<' : signed/unsigned mismatch
     1>g:\users\steven\documents\visual studio 2012\projects\cs109hw5\cs109hw5\cs109hw5.cpp(258): warning C4018: '<' : signed/unsigned mismatch
     1>g:\users\steven\documents\visual studio 2012\projects\cs109hw5\cs109hw5\cs109hw5.cpp(260): warning C4018: '<' : signed/unsigned mismatch
     1>g:\users\steven\documents\visual studio 2012\projects\cs109hw5\cs109hw5\cs109hw5.cpp(270): warning C4018: '<' : signed/unsigned mismatch
     1>g:\users\steven\documents\visual studio 2012\projects\cs109hw5\cs109hw5\cs109hw5.cpp(335): warning C4309: 'static_cast' : truncation of constant value
     1>g:\users\steven\documents\visual studio 2012\projects\cs109hw5\cs109hw5\cs109hw5.cpp(337): warning C4309: 'static_cast' : truncation of constant value
     1>g:\users\steven\documents\visual studio 2012\projects\cs109hw5\cs109hw5\cs109hw5.cpp(359): warning C4018: '<' : signed/unsigned mismatch
     1>g:\users\steven\documents\visual studio 2012\projects\cs109hw5\cs109hw5\cs109hw5.cpp(392): warning C4018: '<' : signed/unsigned mismatch
     1>g:\users\steven\documents\visual studio 2012\projects\cs109hw5\cs109hw5\cs109hw5.cpp(398): warning C4018: '<' : signed/unsigned mismatch
     1>g:\users\steven\documents\visual studio 2012\projects\cs109hw5\cs109hw5\cs109hw5.cpp(401): warning C4018: '<' : signed/unsigned mismatch
     1>g:\users\steven\documents\visual studio 2012\projects\cs109hw5\cs109hw5\cs109hw5.cpp(526): warning C4244: 'argument' : conversion from 'time_t' to 'unsigned int', possible loss of data
       Link:
         C:\Program Files (x86)\VisualStudio2012\VC\bin\link.exe /ERRORREPORT:PROMPT /OUT:"g:\Users\Steven\Documents\Visual Studio 2012\Projects\cs109hw5\Debug\cs109hw5.exe" /INCREMENTAL /NOLOGO kernel32.lib user32.lib gdi32.lib winspool.lib comdlg32.lib advapi32.lib shell32.lib ole32.lib oleaut32.lib uuid.lib odbc32.lib odbccp32.lib /MANIFEST /MANIFESTUAC:"level='asInvoker' uiAccess='false'" /manifest:embed /DEBUG /PDB:"g:\Users\Steven\Documents\Visual Studio 2012\Projects\cs109hw5\Debug\cs109hw5.pdb" /SUBSYSTEM:CONSOLE /TLBID:1 /DYNAMICBASE /NXCOMPAT /IMPLIB:"g:\Users\Steven\Documents\Visual Studio 2012\Projects\cs109hw5\Debug\cs109hw5.lib" /MACHINE:X86 Debug\cs109hw5.obj
         Debug\stdafx.obj
         cs109hw5.vcxproj -> g:\Users\Steven\Documents\Visual Studio 2012\Projects\cs109hw5\Debug\cs109hw5.exe
     1>Done Building Project "g:\Users\Steven\Documents\Visual Studio 2012\Projects\cs109hw5\cs109hw5\cs109hw5.vcxproj" (Build target(s)).

Build succeeded.

Time Elapsed 00:00:01.29
