G:\USERS\STEVEN\DOCUMENTS\VISUAL STUDIO 2012\PROJECTS\CS109HW2\CS109HW2\DEBUG\SOURCE.OBJ
G:\USERS\STEVEN\DOCUMENTS\VISUAL STUDIO 2012\PROJECTS\CS109HW2\CS109HW2\DEBUG\NODE.OBJ
G:\USERS\STEVEN\DOCUMENTS\VISUAL STUDIO 2012\PROJECTS\CS109HW2\CS109HW2\DEBUG\VC110.PDB
G:\USERS\STEVEN\DOCUMENTS\VISUAL STUDIO 2012\PROJECTS\CS109HW2\DEBUG\CS109HW2.ILK
G:\USERS\STEVEN\DOCUMENTS\VISUAL STUDIO 2012\PROJECTS\CS109HW2\DEBUG\CS109HW2.EXE
G:\USERS\STEVEN\DOCUMENTS\VISUAL STUDIO 2012\PROJECTS\CS109HW2\DEBUG\CS109HW2.PDB
G:\Users\Steven\Documents\Visual Studio 2012\Projects\cs109hw2\cs109hw2\Debug\Node.obj
G:\Users\Steven\Documents\Visual Studio 2012\Projects\cs109hw2\cs109hw2\Debug\Source.obj
G:\Users\Steven\Documents\Visual Studio 2012\Projects\cs109hw2\cs109hw2\Debug\cl.command.1.tlog
G:\Users\Steven\Documents\Visual Studio 2012\Projects\cs109hw2\cs109hw2\Debug\CL.read.1.tlog
G:\Users\Steven\Documents\Visual Studio 2012\Projects\cs109hw2\cs109hw2\Debug\CL.write.1.tlog
G:\Users\Steven\Documents\Visual Studio 2012\Projects\cs109hw2\cs109hw2\Debug\link-cvtres.read.1.tlog
G:\Users\Steven\Documents\Visual Studio 2012\Projects\cs109hw2\cs109hw2\Debug\link-cvtres.write.1.tlog
G:\Users\Steven\Documents\Visual Studio 2012\Projects\cs109hw2\cs109hw2\Debug\link-rc.read.1.tlog
G:\Users\Steven\Documents\Visual Studio 2012\Projects\cs109hw2\cs109hw2\Debug\link-rc.write.1.tlog
G:\Users\Steven\Documents\Visual Studio 2012\Projects\cs109hw2\cs109hw2\Debug\link.10096-cvtres.read.1.tlog
G:\Users\Steven\Documents\Visual Studio 2012\Projects\cs109hw2\cs109hw2\Debug\link.10096-cvtres.write.1.tlog
G:\Users\Steven\Documents\Visual Studio 2012\Projects\cs109hw2\cs109hw2\Debug\link.10096-rc.read.1.tlog
G:\Users\Steven\Documents\Visual Studio 2012\Projects\cs109hw2\cs109hw2\Debug\link.10096-rc.write.1.tlog
G:\Users\Steven\Documents\Visual Studio 2012\Projects\cs109hw2\cs109hw2\Debug\link.10096.read.1.tlog
G:\Users\Steven\Documents\Visual Studio 2012\Projects\cs109hw2\cs109hw2\Debug\link.10096.write.1.tlog
G:\Users\Steven\Documents\Visual Studio 2012\Projects\cs109hw2\cs109hw2\Debug\link.10116-cvtres.read.1.tlog
G:\Users\Steven\Documents\Visual Studio 2012\Projects\cs109hw2\cs109hw2\Debug\link.10116-cvtres.write.1.tlog
G:\Users\Steven\Documents\Visual Studio 2012\Projects\cs109hw2\cs109hw2\Debug\link.10116-rc.read.1.tlog
G:\Users\Steven\Documents\Visual Studio 2012\Projects\cs109hw2\cs109hw2\Debug\link.10116-rc.write.1.tlog
G:\Users\Steven\Documents\Visual Studio 2012\Projects\cs109hw2\cs109hw2\Debug\link.10116.read.1.tlog
G:\Users\Steven\Documents\Visual Studio 2012\Projects\cs109hw2\cs109hw2\Debug\link.10116.write.1.tlog
G:\Users\Steven\Documents\Visual Studio 2012\Projects\cs109hw2\cs109hw2\Debug\link.10280-cvtres.read.1.tlog
G:\Users\Steven\Documents\Visual Studio 2012\Projects\cs109hw2\cs109hw2\Debug\link.10280-cvtres.write.1.tlog
G:\Users\Steven\Documents\Visual Studio 2012\Projects\cs109hw2\cs109hw2\Debug\link.10280-rc.read.1.tlog
G:\Users\Steven\Documents\Visual Studio 2012\Projects\cs109hw2\cs109hw2\Debug\link.10280-rc.write.1.tlog
G:\Users\Steven\Documents\Visual Studio 2012\Projects\cs109hw2\cs109hw2\Debug\link.10280.read.1.tlog
G:\Users\Steven\Documents\Visual Studio 2012\Projects\cs109hw2\cs109hw2\Debug\link.10280.write.1.tlog
G:\Users\Steven\Documents\Visual Studio 2012\Projects\cs109hw2\cs109hw2\Debug\link.10284-cvtres.read.1.tlog
G:\Users\Steven\Documents\Visual Studio 2012\Projects\cs109hw2\cs109hw2\Debug\link.10284-cvtres.write.1.tlog
G:\Users\Steven\Documents\Visual Studio 2012\Projects\cs109hw2\cs109hw2\Debug\link.10284-rc.read.1.tlog
G:\Users\Steven\Documents\Visual Studio 2012\Projects\cs109hw2\cs109hw2\Debug\link.10284-rc.write.1.tlog
G:\Users\Steven\Documents\Visual Studio 2012\Projects\cs109hw2\cs109hw2\Debug\link.10284.read.1.tlog
G:\Users\Steven\Documents\Visual Studio 2012\Projects\cs109hw2\cs109hw2\Debug\link.10284.write.1.tlog
G:\Users\Steven\Documents\Visual Studio 2012\Projects\cs109hw2\cs109hw2\Debug\link.10368-cvtres.read.1.tlog
G:\Users\Steven\Documents\Visual Studio 2012\Projects\cs109hw2\cs109hw2\Debug\link.10368-cvtres.write.1.tlog
G:\Users\Steven\Documents\Visual Studio 2012\Projects\cs109hw2\cs109hw2\Debug\link.10368-rc.read.1.tlog
G:\Users\Steven\Documents\Visual Studio 2012\Projects\cs109hw2\cs109hw2\Debug\link.10368-rc.write.1.tlog
G:\Users\Steven\Documents\Visual Studio 2012\Projects\cs109hw2\cs109hw2\Debug\link.10368.read.1.tlog
G:\Users\Steven\Documents\Visual Studio 2012\Projects\cs109hw2\cs109hw2\Debug\link.10368.write.1.tlog
G:\Users\Steven\Documents\Visual Studio 2012\Projects\cs109hw2\cs109hw2\Debug\link.10484-cvtres.read.1.tlog
G:\Users\Steven\Documents\Visual Studio 2012\Projects\cs109hw2\cs109hw2\Debug\link.10484-cvtres.write.1.tlog
G:\Users\Steven\Documents\Visual Studio 2012\Projects\cs109hw2\cs109hw2\Debug\link.10484-rc.read.1.tlog
G:\Users\Steven\Documents\Visual Studio 2012\Projects\cs109hw2\cs109hw2\Debug\link.10484-rc.write.1.tlog
G:\Users\Steven\Documents\Visual Studio 2012\Projects\cs109hw2\cs109hw2\Debug\link.10484.read.1.tlog
G:\Users\Steven\Documents\Visual Studio 2012\Projects\cs109hw2\cs109hw2\Debug\link.10484.write.1.tlog
G:\Users\Steven\Documents\Visual Studio 2012\Projects\cs109hw2\cs109hw2\Debug\link.10704-cvtres.read.1.tlog
G:\Users\Steven\Documents\Visual Studio 2012\Projects\cs109hw2\cs109hw2\Debug\link.10704-cvtres.write.1.tlog
G:\Users\Steven\Documents\Visual Studio 2012\Projects\cs109hw2\cs109hw2\Debug\link.10704-rc.read.1.tlog
G:\Users\Steven\Documents\Visual Studio 2012\Projects\cs109hw2\cs109hw2\Debug\link.10704-rc.write.1.tlog
G:\Users\Steven\Documents\Visual Studio 2012\Projects\cs109hw2\cs109hw2\Debug\link.10704.read.1.tlog
G:\Users\Steven\Documents\Visual Studio 2012\Projects\cs109hw2\cs109hw2\Debug\link.10704.write.1.tlog
G:\Users\Steven\Documents\Visual Studio 2012\Projects\cs109hw2\cs109hw2\Debug\link.10736-cvtres.read.1.tlog
G:\Users\Steven\Documents\Visual Studio 2012\Projects\cs109hw2\cs109hw2\Debug\link.10736-cvtres.write.1.tlog
G:\Users\Steven\Documents\Visual Studio 2012\Projects\cs109hw2\cs109hw2\Debug\link.10736-rc.read.1.tlog
G:\Users\Steven\Documents\Visual Studio 2012\Projects\cs109hw2\cs109hw2\Debug\link.10736-rc.write.1.tlog
G:\Users\Steven\Documents\Visual Studio 2012\Projects\cs109hw2\cs109hw2\Debug\link.10736.read.1.tlog
G:\Users\Steven\Documents\Visual Studio 2012\Projects\cs109hw2\cs109hw2\Debug\link.10736.write.1.tlog
G:\Users\Steven\Documents\Visual Studio 2012\Projects\cs109hw2\cs109hw2\Debug\link.10892-cvtres.read.1.tlog
G:\Users\Steven\Documents\Visual Studio 2012\Projects\cs109hw2\cs109hw2\Debug\link.10892-cvtres.write.1.tlog
G:\Users\Steven\Documents\Visual Studio 2012\Projects\cs109hw2\cs109hw2\Debug\link.10892-rc.read.1.tlog
G:\Users\Steven\Documents\Visual Studio 2012\Projects\cs109hw2\cs109hw2\Debug\link.10892-rc.write.1.tlog
G:\Users\Steven\Documents\Visual Studio 2012\Projects\cs109hw2\cs109hw2\Debug\link.10892.read.1.tlog
G:\Users\Steven\Documents\Visual Studio 2012\Projects\cs109hw2\cs109hw2\Debug\link.10892.write.1.tlog
G:\Users\Steven\Documents\Visual Studio 2012\Projects\cs109hw2\cs109hw2\Debug\link.11004-cvtres.read.1.tlog
G:\Users\Steven\Documents\Visual Studio 2012\Projects\cs109hw2\cs109hw2\Debug\link.11004-cvtres.write.1.tlog
G:\Users\Steven\Documents\Visual Studio 2012\Projects\cs109hw2\cs109hw2\Debug\link.11004-rc.read.1.tlog
G:\Users\Steven\Documents\Visual Studio 2012\Projects\cs109hw2\cs109hw2\Debug\link.11004-rc.write.1.tlog
G:\Users\Steven\Documents\Visual Studio 2012\Projects\cs109hw2\cs109hw2\Debug\link.11004.read.1.tlog
G:\Users\Steven\Documents\Visual Studio 2012\Projects\cs109hw2\cs109hw2\Debug\link.11004.write.1.tlog
G:\Users\Steven\Documents\Visual Studio 2012\Projects\cs109hw2\cs109hw2\Debug\link.11156-cvtres.read.1.tlog
G:\Users\Steven\Documents\Visual Studio 2012\Projects\cs109hw2\cs109hw2\Debug\link.11156-cvtres.write.1.tlog
G:\Users\Steven\Documents\Visual Studio 2012\Projects\cs109hw2\cs109hw2\Debug\link.11156-rc.read.1.tlog
G:\Users\Steven\Documents\Visual Studio 2012\Projects\cs109hw2\cs109hw2\Debug\link.11156-rc.write.1.tlog
G:\Users\Steven\Documents\Visual Studio 2012\Projects\cs109hw2\cs109hw2\Debug\link.11156.read.1.tlog
G:\Users\Steven\Documents\Visual Studio 2012\Projects\cs109hw2\cs109hw2\Debug\link.11156.write.1.tlog
G:\Users\Steven\Documents\Visual Studio 2012\Projects\cs109hw2\cs109hw2\Debug\link.11164-cvtres.read.1.tlog
G:\Users\Steven\Documents\Visual Studio 2012\Projects\cs109hw2\cs109hw2\Debug\link.11164-cvtres.write.1.tlog
G:\Users\Steven\Documents\Visual Studio 2012\Projects\cs109hw2\cs109hw2\Debug\link.11164-rc.read.1.tlog
G:\Users\Steven\Documents\Visual Studio 2012\Projects\cs109hw2\cs109hw2\Debug\link.11164-rc.write.1.tlog
G:\Users\Steven\Documents\Visual Studio 2012\Projects\cs109hw2\cs109hw2\Debug\link.11164.read.1.tlog
G:\Users\Steven\Documents\Visual Studio 2012\Projects\cs109hw2\cs109hw2\Debug\link.11164.write.1.tlog
G:\Users\Steven\Documents\Visual Studio 2012\Projects\cs109hw2\cs109hw2\Debug\link.11244-cvtres.read.1.tlog
G:\Users\Steven\Documents\Visual Studio 2012\Projects\cs109hw2\cs109hw2\Debug\link.11244-cvtres.write.1.tlog
G:\Users\Steven\Documents\Visual Studio 2012\Projects\cs109hw2\cs109hw2\Debug\link.11244-rc.read.1.tlog
G:\Users\Steven\Documents\Visual Studio 2012\Projects\cs109hw2\cs109hw2\Debug\link.11244-rc.write.1.tlog
G:\Users\Steven\Documents\Visual Studio 2012\Projects\cs109hw2\cs109hw2\Debug\link.11244.read.1.tlog
G:\Users\Steven\Documents\Visual Studio 2012\Projects\cs109hw2\cs109hw2\Debug\link.11244.write.1.tlog
G:\Users\Steven\Documents\Visual Studio 2012\Projects\cs109hw2\cs109hw2\Debug\link.11252-cvtres.read.1.tlog
G:\Users\Steven\Documents\Visual Studio 2012\Projects\cs109hw2\cs109hw2\Debug\link.11252-cvtres.write.1.tlog
G:\Users\Steven\Documents\Visual Studio 2012\Projects\cs109hw2\cs109hw2\Debug\link.11252-rc.read.1.tlog
G:\Users\Steven\Documents\Visual Studio 2012\Projects\cs109hw2\cs109hw2\Debug\link.11252-rc.write.1.tlog
G:\Users\Steven\Documents\Visual Studio 2012\Projects\cs109hw2\cs109hw2\Debug\link.11252.read.1.tlog
G:\Users\Steven\Documents\Visual Studio 2012\Projects\cs109hw2\cs109hw2\Debug\link.11252.write.1.tlog
G:\Users\Steven\Documents\Visual Studio 2012\Projects\cs109hw2\cs109hw2\Debug\link.11556-cvtres.read.1.tlog
G:\Users\Steven\Documents\Visual Studio 2012\Projects\cs109hw2\cs109hw2\Debug\link.11556-cvtres.write.1.tlog
G:\Users\Steven\Documents\Visual Studio 2012\Projects\cs109hw2\cs109hw2\Debug\link.11556-rc.read.1.tlog
G:\Users\Steven\Documents\Visual Studio 2012\Projects\cs109hw2\cs109hw2\Debug\link.11556-rc.write.1.tlog
G:\Users\Steven\Documents\Visual Studio 2012\Projects\cs109hw2\cs109hw2\Debug\link.11556.read.1.tlog
G:\Users\Steven\Documents\Visual Studio 2012\Projects\cs109hw2\cs109hw2\Debug\link.11556.write.1.tlog
G:\Users\Steven\Documents\Visual Studio 2012\Projects\cs109hw2\cs109hw2\Debug\link.11668-cvtres.read.1.tlog
G:\Users\Steven\Documents\Visual Studio 2012\Projects\cs109hw2\cs109hw2\Debug\link.11668-cvtres.write.1.tlog
G:\Users\Steven\Documents\Visual Studio 2012\Projects\cs109hw2\cs109hw2\Debug\link.11668-rc.read.1.tlog
G:\Users\Steven\Documents\Visual Studio 2012\Projects\cs109hw2\cs109hw2\Debug\link.11668-rc.write.1.tlog
G:\Users\Steven\Documents\Visual Studio 2012\Projects\cs109hw2\cs109hw2\Debug\link.11668.read.1.tlog
G:\Users\Steven\Documents\Visual Studio 2012\Projects\cs109hw2\cs109hw2\Debug\link.11668.write.1.tlog
G:\Users\Steven\Documents\Visual Studio 2012\Projects\cs109hw2\cs109hw2\Debug\link.12324-cvtres.read.1.tlog
G:\Users\Steven\Documents\Visual Studio 2012\Projects\cs109hw2\cs109hw2\Debug\link.12324-cvtres.write.1.tlog
G:\Users\Steven\Documents\Visual Studio 2012\Projects\cs109hw2\cs109hw2\Debug\link.12324-rc.read.1.tlog
G:\Users\Steven\Documents\Visual Studio 2012\Projects\cs109hw2\cs109hw2\Debug\link.12324-rc.write.1.tlog
G:\Users\Steven\Documents\Visual Studio 2012\Projects\cs109hw2\cs109hw2\Debug\link.12324.read.1.tlog
G:\Users\Steven\Documents\Visual Studio 2012\Projects\cs109hw2\cs109hw2\Debug\link.12324.write.1.tlog
G:\Users\Steven\Documents\Visual Studio 2012\Projects\cs109hw2\cs109hw2\Debug\link.12652-cvtres.read.1.tlog
G:\Users\Steven\Documents\Visual Studio 2012\Projects\cs109hw2\cs109hw2\Debug\link.12652-cvtres.write.1.tlog
G:\Users\Steven\Documents\Visual Studio 2012\Projects\cs109hw2\cs109hw2\Debug\link.12652-rc.read.1.tlog
G:\Users\Steven\Documents\Visual Studio 2012\Projects\cs109hw2\cs109hw2\Debug\link.12652-rc.write.1.tlog
G:\Users\Steven\Documents\Visual Studio 2012\Projects\cs109hw2\cs109hw2\Debug\link.12652.read.1.tlog
G:\Users\Steven\Documents\Visual Studio 2012\Projects\cs109hw2\cs109hw2\Debug\link.12652.write.1.tlog
G:\Users\Steven\Documents\Visual Studio 2012\Projects\cs109hw2\cs109hw2\Debug\link.12716-cvtres.read.1.tlog
G:\Users\Steven\Documents\Visual Studio 2012\Projects\cs109hw2\cs109hw2\Debug\link.12716-cvtres.write.1.tlog
G:\Users\Steven\Documents\Visual Studio 2012\Projects\cs109hw2\cs109hw2\Debug\link.12716-rc.read.1.tlog
G:\Users\Steven\Documents\Visual Studio 2012\Projects\cs109hw2\cs109hw2\Debug\link.12716-rc.write.1.tlog
G:\Users\Steven\Documents\Visual Studio 2012\Projects\cs109hw2\cs109hw2\Debug\link.12716.read.1.tlog
G:\Users\Steven\Documents\Visual Studio 2012\Projects\cs109hw2\cs109hw2\Debug\link.12716.write.1.tlog
G:\Users\Steven\Documents\Visual Studio 2012\Projects\cs109hw2\cs109hw2\Debug\link.12816-cvtres.read.1.tlog
G:\Users\Steven\Documents\Visual Studio 2012\Projects\cs109hw2\cs109hw2\Debug\link.12816-cvtres.write.1.tlog
G:\Users\Steven\Documents\Visual Studio 2012\Projects\cs109hw2\cs109hw2\Debug\link.12816-rc.read.1.tlog
G:\Users\Steven\Documents\Visual Studio 2012\Projects\cs109hw2\cs109hw2\Debug\link.12816-rc.write.1.tlog
G:\Users\Steven\Documents\Visual Studio 2012\Projects\cs109hw2\cs109hw2\Debug\link.12816.read.1.tlog
G:\Users\Steven\Documents\Visual Studio 2012\Projects\cs109hw2\cs109hw2\Debug\link.12816.write.1.tlog
G:\Users\Steven\Documents\Visual Studio 2012\Projects\cs109hw2\cs109hw2\Debug\link.13396-cvtres.read.1.tlog
G:\Users\Steven\Documents\Visual Studio 2012\Projects\cs109hw2\cs109hw2\Debug\link.13396-cvtres.write.1.tlog
G:\Users\Steven\Documents\Visual Studio 2012\Projects\cs109hw2\cs109hw2\Debug\link.13396-rc.read.1.tlog
G:\Users\Steven\Documents\Visual Studio 2012\Projects\cs109hw2\cs109hw2\Debug\link.13396-rc.write.1.tlog
G:\Users\Steven\Documents\Visual Studio 2012\Projects\cs109hw2\cs109hw2\Debug\link.13396.read.1.tlog
G:\Users\Steven\Documents\Visual Studio 2012\Projects\cs109hw2\cs109hw2\Debug\link.13396.write.1.tlog
G:\Users\Steven\Documents\Visual Studio 2012\Projects\cs109hw2\cs109hw2\Debug\link.13628-cvtres.read.1.tlog
G:\Users\Steven\Documents\Visual Studio 2012\Projects\cs109hw2\cs109hw2\Debug\link.13628-cvtres.write.1.tlog
G:\Users\Steven\Documents\Visual Studio 2012\Projects\cs109hw2\cs109hw2\Debug\link.13628-rc.read.1.tlog
G:\Users\Steven\Documents\Visual Studio 2012\Projects\cs109hw2\cs109hw2\Debug\link.13628-rc.write.1.tlog
G:\Users\Steven\Documents\Visual Studio 2012\Projects\cs109hw2\cs109hw2\Debug\link.13628.read.1.tlog
G:\Users\Steven\Documents\Visual Studio 2012\Projects\cs109hw2\cs109hw2\Debug\link.13628.write.1.tlog
G:\Users\Steven\Documents\Visual Studio 2012\Projects\cs109hw2\cs109hw2\Debug\link.13876-cvtres.read.1.tlog
G:\Users\Steven\Documents\Visual Studio 2012\Projects\cs109hw2\cs109hw2\Debug\link.13876-cvtres.write.1.tlog
G:\Users\Steven\Documents\Visual Studio 2012\Projects\cs109hw2\cs109hw2\Debug\link.13876-rc.read.1.tlog
G:\Users\Steven\Documents\Visual Studio 2012\Projects\cs109hw2\cs109hw2\Debug\link.13876-rc.write.1.tlog
G:\Users\Steven\Documents\Visual Studio 2012\Projects\cs109hw2\cs109hw2\Debug\link.13876.read.1.tlog
G:\Users\Steven\Documents\Visual Studio 2012\Projects\cs109hw2\cs109hw2\Debug\link.13876.write.1.tlog
G:\Users\Steven\Documents\Visual Studio 2012\Projects\cs109hw2\cs109hw2\Debug\link.13956-cvtres.read.1.tlog
G:\Users\Steven\Documents\Visual Studio 2012\Projects\cs109hw2\cs109hw2\Debug\link.13956-cvtres.write.1.tlog
G:\Users\Steven\Documents\Visual Studio 2012\Projects\cs109hw2\cs109hw2\Debug\link.13956-rc.read.1.tlog
G:\Users\Steven\Documents\Visual Studio 2012\Projects\cs109hw2\cs109hw2\Debug\link.13956-rc.write.1.tlog
G:\Users\Steven\Documents\Visual Studio 2012\Projects\cs109hw2\cs109hw2\Debug\link.13956.read.1.tlog
G:\Users\Steven\Documents\Visual Studio 2012\Projects\cs109hw2\cs109hw2\Debug\link.13956.write.1.tlog
G:\Users\Steven\Documents\Visual Studio 2012\Projects\cs109hw2\cs109hw2\Debug\link.14032-cvtres.read.1.tlog
G:\Users\Steven\Documents\Visual Studio 2012\Projects\cs109hw2\cs109hw2\Debug\link.14032-cvtres.write.1.tlog
G:\Users\Steven\Documents\Visual Studio 2012\Projects\cs109hw2\cs109hw2\Debug\link.14032-rc.read.1.tlog
G:\Users\Steven\Documents\Visual Studio 2012\Projects\cs109hw2\cs109hw2\Debug\link.14032-rc.write.1.tlog
G:\Users\Steven\Documents\Visual Studio 2012\Projects\cs109hw2\cs109hw2\Debug\link.14032.read.1.tlog
G:\Users\Steven\Documents\Visual Studio 2012\Projects\cs109hw2\cs109hw2\Debug\link.14032.write.1.tlog
G:\Users\Steven\Documents\Visual Studio 2012\Projects\cs109hw2\cs109hw2\Debug\link.14212-cvtres.read.1.tlog
G:\Users\Steven\Documents\Visual Studio 2012\Projects\cs109hw2\cs109hw2\Debug\link.14212-cvtres.write.1.tlog
G:\Users\Steven\Documents\Visual Studio 2012\Projects\cs109hw2\cs109hw2\Debug\link.14212-rc.read.1.tlog
G:\Users\Steven\Documents\Visual Studio 2012\Projects\cs109hw2\cs109hw2\Debug\link.14212-rc.write.1.tlog
G:\Users\Steven\Documents\Visual Studio 2012\Projects\cs109hw2\cs109hw2\Debug\link.14212.read.1.tlog
G:\Users\Steven\Documents\Visual Studio 2012\Projects\cs109hw2\cs109hw2\Debug\link.14212.write.1.tlog
G:\Users\Steven\Documents\Visual Studio 2012\Projects\cs109hw2\cs109hw2\Debug\link.14316-cvtres.read.1.tlog
G:\Users\Steven\Documents\Visual Studio 2012\Projects\cs109hw2\cs109hw2\Debug\link.14316-cvtres.write.1.tlog
G:\Users\Steven\Documents\Visual Studio 2012\Projects\cs109hw2\cs109hw2\Debug\link.14316-rc.read.1.tlog
G:\Users\Steven\Documents\Visual Studio 2012\Projects\cs109hw2\cs109hw2\Debug\link.14316-rc.write.1.tlog
G:\Users\Steven\Documents\Visual Studio 2012\Projects\cs109hw2\cs109hw2\Debug\link.14316.read.1.tlog
G:\Users\Steven\Documents\Visual Studio 2012\Projects\cs109hw2\cs109hw2\Debug\link.14316.write.1.tlog
G:\Users\Steven\Documents\Visual Studio 2012\Projects\cs109hw2\cs109hw2\Debug\link.1840-cvtres.read.1.tlog
G:\Users\Steven\Documents\Visual Studio 2012\Projects\cs109hw2\cs109hw2\Debug\link.1840-cvtres.write.1.tlog
G:\Users\Steven\Documents\Visual Studio 2012\Projects\cs109hw2\cs109hw2\Debug\link.1840-rc.read.1.tlog
G:\Users\Steven\Documents\Visual Studio 2012\Projects\cs109hw2\cs109hw2\Debug\link.1840-rc.write.1.tlog
G:\Users\Steven\Documents\Visual Studio 2012\Projects\cs109hw2\cs109hw2\Debug\link.1840.read.1.tlog
G:\Users\Steven\Documents\Visual Studio 2012\Projects\cs109hw2\cs109hw2\Debug\link.1840.write.1.tlog
G:\Users\Steven\Documents\Visual Studio 2012\Projects\cs109hw2\cs109hw2\Debug\link.2748-cvtres.read.1.tlog
G:\Users\Steven\Documents\Visual Studio 2012\Projects\cs109hw2\cs109hw2\Debug\link.2748-cvtres.write.1.tlog
G:\Users\Steven\Documents\Visual Studio 2012\Projects\cs109hw2\cs109hw2\Debug\link.2748-rc.read.1.tlog
G:\Users\Steven\Documents\Visual Studio 2012\Projects\cs109hw2\cs109hw2\Debug\link.2748-rc.write.1.tlog
G:\Users\Steven\Documents\Visual Studio 2012\Projects\cs109hw2\cs109hw2\Debug\link.2748.read.1.tlog
G:\Users\Steven\Documents\Visual Studio 2012\Projects\cs109hw2\cs109hw2\Debug\link.2748.write.1.tlog
G:\Users\Steven\Documents\Visual Studio 2012\Projects\cs109hw2\cs109hw2\Debug\link.3448-cvtres.read.1.tlog
G:\Users\Steven\Documents\Visual Studio 2012\Projects\cs109hw2\cs109hw2\Debug\link.3448-cvtres.write.1.tlog
G:\Users\Steven\Documents\Visual Studio 2012\Projects\cs109hw2\cs109hw2\Debug\link.3448-rc.read.1.tlog
G:\Users\Steven\Documents\Visual Studio 2012\Projects\cs109hw2\cs109hw2\Debug\link.3448-rc.write.1.tlog
G:\Users\Steven\Documents\Visual Studio 2012\Projects\cs109hw2\cs109hw2\Debug\link.3448.read.1.tlog
G:\Users\Steven\Documents\Visual Studio 2012\Projects\cs109hw2\cs109hw2\Debug\link.3448.write.1.tlog
G:\Users\Steven\Documents\Visual Studio 2012\Projects\cs109hw2\cs109hw2\Debug\link.3508-cvtres.read.1.tlog
G:\Users\Steven\Documents\Visual Studio 2012\Projects\cs109hw2\cs109hw2\Debug\link.3508-cvtres.write.1.tlog
G:\Users\Steven\Documents\Visual Studio 2012\Projects\cs109hw2\cs109hw2\Debug\link.3508-rc.read.1.tlog
G:\Users\Steven\Documents\Visual Studio 2012\Projects\cs109hw2\cs109hw2\Debug\link.3508-rc.write.1.tlog
G:\Users\Steven\Documents\Visual Studio 2012\Projects\cs109hw2\cs109hw2\Debug\link.3508.read.1.tlog
G:\Users\Steven\Documents\Visual Studio 2012\Projects\cs109hw2\cs109hw2\Debug\link.3508.write.1.tlog
G:\Users\Steven\Documents\Visual Studio 2012\Projects\cs109hw2\cs109hw2\Debug\link.4972-cvtres.read.1.tlog
G:\Users\Steven\Documents\Visual Studio 2012\Projects\cs109hw2\cs109hw2\Debug\link.4972-cvtres.write.1.tlog
G:\Users\Steven\Documents\Visual Studio 2012\Projects\cs109hw2\cs109hw2\Debug\link.4972-rc.read.1.tlog
G:\Users\Steven\Documents\Visual Studio 2012\Projects\cs109hw2\cs109hw2\Debug\link.4972-rc.write.1.tlog
G:\Users\Steven\Documents\Visual Studio 2012\Projects\cs109hw2\cs109hw2\Debug\link.4972.read.1.tlog
G:\Users\Steven\Documents\Visual Studio 2012\Projects\cs109hw2\cs109hw2\Debug\link.4972.write.1.tlog
G:\Users\Steven\Documents\Visual Studio 2012\Projects\cs109hw2\cs109hw2\Debug\link.5380-cvtres.read.1.tlog
G:\Users\Steven\Documents\Visual Studio 2012\Projects\cs109hw2\cs109hw2\Debug\link.5380-cvtres.write.1.tlog
G:\Users\Steven\Documents\Visual Studio 2012\Projects\cs109hw2\cs109hw2\Debug\link.5380-rc.read.1.tlog
G:\Users\Steven\Documents\Visual Studio 2012\Projects\cs109hw2\cs109hw2\Debug\link.5380-rc.write.1.tlog
G:\Users\Steven\Documents\Visual Studio 2012\Projects\cs109hw2\cs109hw2\Debug\link.5380.read.1.tlog
G:\Users\Steven\Documents\Visual Studio 2012\Projects\cs109hw2\cs109hw2\Debug\link.5380.write.1.tlog
G:\Users\Steven\Documents\Visual Studio 2012\Projects\cs109hw2\cs109hw2\Debug\link.5940-cvtres.read.1.tlog
G:\Users\Steven\Documents\Visual Studio 2012\Projects\cs109hw2\cs109hw2\Debug\link.5940-cvtres.write.1.tlog
G:\Users\Steven\Documents\Visual Studio 2012\Projects\cs109hw2\cs109hw2\Debug\link.5940-rc.read.1.tlog
G:\Users\Steven\Documents\Visual Studio 2012\Projects\cs109hw2\cs109hw2\Debug\link.5940-rc.write.1.tlog
G:\Users\Steven\Documents\Visual Studio 2012\Projects\cs109hw2\cs109hw2\Debug\link.5940.read.1.tlog
G:\Users\Steven\Documents\Visual Studio 2012\Projects\cs109hw2\cs109hw2\Debug\link.5940.write.1.tlog
G:\Users\Steven\Documents\Visual Studio 2012\Projects\cs109hw2\cs109hw2\Debug\link.6176-cvtres.read.1.tlog
G:\Users\Steven\Documents\Visual Studio 2012\Projects\cs109hw2\cs109hw2\Debug\link.6176-cvtres.write.1.tlog
G:\Users\Steven\Documents\Visual Studio 2012\Projects\cs109hw2\cs109hw2\Debug\link.6176-rc.read.1.tlog
G:\Users\Steven\Documents\Visual Studio 2012\Projects\cs109hw2\cs109hw2\Debug\link.6176-rc.write.1.tlog
G:\Users\Steven\Documents\Visual Studio 2012\Projects\cs109hw2\cs109hw2\Debug\link.6176.read.1.tlog
G:\Users\Steven\Documents\Visual Studio 2012\Projects\cs109hw2\cs109hw2\Debug\link.6176.write.1.tlog
G:\Users\Steven\Documents\Visual Studio 2012\Projects\cs109hw2\cs109hw2\Debug\link.6292-cvtres.read.1.tlog
G:\Users\Steven\Documents\Visual Studio 2012\Projects\cs109hw2\cs109hw2\Debug\link.6292-cvtres.write.1.tlog
G:\Users\Steven\Documents\Visual Studio 2012\Projects\cs109hw2\cs109hw2\Debug\link.6292-rc.read.1.tlog
G:\Users\Steven\Documents\Visual Studio 2012\Projects\cs109hw2\cs109hw2\Debug\link.6292-rc.write.1.tlog
G:\Users\Steven\Documents\Visual Studio 2012\Projects\cs109hw2\cs109hw2\Debug\link.6292.read.1.tlog
G:\Users\Steven\Documents\Visual Studio 2012\Projects\cs109hw2\cs109hw2\Debug\link.6292.write.1.tlog
G:\Users\Steven\Documents\Visual Studio 2012\Projects\cs109hw2\cs109hw2\Debug\link.6772-cvtres.read.1.tlog
G:\Users\Steven\Documents\Visual Studio 2012\Projects\cs109hw2\cs109hw2\Debug\link.6772-cvtres.write.1.tlog
G:\Users\Steven\Documents\Visual Studio 2012\Projects\cs109hw2\cs109hw2\Debug\link.6772-rc.read.1.tlog
G:\Users\Steven\Documents\Visual Studio 2012\Projects\cs109hw2\cs109hw2\Debug\link.6772-rc.write.1.tlog
G:\Users\Steven\Documents\Visual Studio 2012\Projects\cs109hw2\cs109hw2\Debug\link.6772.read.1.tlog
G:\Users\Steven\Documents\Visual Studio 2012\Projects\cs109hw2\cs109hw2\Debug\link.6772.write.1.tlog
G:\Users\Steven\Documents\Visual Studio 2012\Projects\cs109hw2\cs109hw2\Debug\link.6880-cvtres.read.1.tlog
G:\Users\Steven\Documents\Visual Studio 2012\Projects\cs109hw2\cs109hw2\Debug\link.6880-cvtres.write.1.tlog
G:\Users\Steven\Documents\Visual Studio 2012\Projects\cs109hw2\cs109hw2\Debug\link.6880-rc.read.1.tlog
G:\Users\Steven\Documents\Visual Studio 2012\Projects\cs109hw2\cs109hw2\Debug\link.6880-rc.write.1.tlog
G:\Users\Steven\Documents\Visual Studio 2012\Projects\cs109hw2\cs109hw2\Debug\link.6880.read.1.tlog
G:\Users\Steven\Documents\Visual Studio 2012\Projects\cs109hw2\cs109hw2\Debug\link.6880.write.1.tlog
G:\Users\Steven\Documents\Visual Studio 2012\Projects\cs109hw2\cs109hw2\Debug\link.7484-cvtres.read.1.tlog
G:\Users\Steven\Documents\Visual Studio 2012\Projects\cs109hw2\cs109hw2\Debug\link.7484-cvtres.write.1.tlog
G:\Users\Steven\Documents\Visual Studio 2012\Projects\cs109hw2\cs109hw2\Debug\link.7484-rc.read.1.tlog
G:\Users\Steven\Documents\Visual Studio 2012\Projects\cs109hw2\cs109hw2\Debug\link.7484-rc.write.1.tlog
G:\Users\Steven\Documents\Visual Studio 2012\Projects\cs109hw2\cs109hw2\Debug\link.7484.read.1.tlog
G:\Users\Steven\Documents\Visual Studio 2012\Projects\cs109hw2\cs109hw2\Debug\link.7484.write.1.tlog
G:\Users\Steven\Documents\Visual Studio 2012\Projects\cs109hw2\cs109hw2\Debug\link.8044-cvtres.read.1.tlog
G:\Users\Steven\Documents\Visual Studio 2012\Projects\cs109hw2\cs109hw2\Debug\link.8044-cvtres.write.1.tlog
G:\Users\Steven\Documents\Visual Studio 2012\Projects\cs109hw2\cs109hw2\Debug\link.8044-rc.read.1.tlog
G:\Users\Steven\Documents\Visual Studio 2012\Projects\cs109hw2\cs109hw2\Debug\link.8044-rc.write.1.tlog
G:\Users\Steven\Documents\Visual Studio 2012\Projects\cs109hw2\cs109hw2\Debug\link.8044.read.1.tlog
G:\Users\Steven\Documents\Visual Studio 2012\Projects\cs109hw2\cs109hw2\Debug\link.8044.write.1.tlog
G:\Users\Steven\Documents\Visual Studio 2012\Projects\cs109hw2\cs109hw2\Debug\link.8476-cvtres.read.1.tlog
G:\Users\Steven\Documents\Visual Studio 2012\Projects\cs109hw2\cs109hw2\Debug\link.8476-cvtres.write.1.tlog
G:\Users\Steven\Documents\Visual Studio 2012\Projects\cs109hw2\cs109hw2\Debug\link.8476-rc.read.1.tlog
G:\Users\Steven\Documents\Visual Studio 2012\Projects\cs109hw2\cs109hw2\Debug\link.8476-rc.write.1.tlog
G:\Users\Steven\Documents\Visual Studio 2012\Projects\cs109hw2\cs109hw2\Debug\link.8476.read.1.tlog
G:\Users\Steven\Documents\Visual Studio 2012\Projects\cs109hw2\cs109hw2\Debug\link.8476.write.1.tlog
G:\Users\Steven\Documents\Visual Studio 2012\Projects\cs109hw2\cs109hw2\Debug\link.8552-cvtres.read.1.tlog
G:\Users\Steven\Documents\Visual Studio 2012\Projects\cs109hw2\cs109hw2\Debug\link.8552-cvtres.write.1.tlog
G:\Users\Steven\Documents\Visual Studio 2012\Projects\cs109hw2\cs109hw2\Debug\link.8552-rc.read.1.tlog
G:\Users\Steven\Documents\Visual Studio 2012\Projects\cs109hw2\cs109hw2\Debug\link.8552-rc.write.1.tlog
G:\Users\Steven\Documents\Visual Studio 2012\Projects\cs109hw2\cs109hw2\Debug\link.8552.read.1.tlog
G:\Users\Steven\Documents\Visual Studio 2012\Projects\cs109hw2\cs109hw2\Debug\link.8552.write.1.tlog
G:\Users\Steven\Documents\Visual Studio 2012\Projects\cs109hw2\cs109hw2\Debug\link.8852-cvtres.read.1.tlog
G:\Users\Steven\Documents\Visual Studio 2012\Projects\cs109hw2\cs109hw2\Debug\link.8852-cvtres.write.1.tlog
G:\Users\Steven\Documents\Visual Studio 2012\Projects\cs109hw2\cs109hw2\Debug\link.8852-rc.read.1.tlog
G:\Users\Steven\Documents\Visual Studio 2012\Projects\cs109hw2\cs109hw2\Debug\link.8852-rc.write.1.tlog
G:\Users\Steven\Documents\Visual Studio 2012\Projects\cs109hw2\cs109hw2\Debug\link.8852.read.1.tlog
G:\Users\Steven\Documents\Visual Studio 2012\Projects\cs109hw2\cs109hw2\Debug\link.8852.write.1.tlog
G:\Users\Steven\Documents\Visual Studio 2012\Projects\cs109hw2\cs109hw2\Debug\link.9092-cvtres.read.1.tlog
G:\Users\Steven\Documents\Visual Studio 2012\Projects\cs109hw2\cs109hw2\Debug\link.9092-cvtres.write.1.tlog
G:\Users\Steven\Documents\Visual Studio 2012\Projects\cs109hw2\cs109hw2\Debug\link.9092-rc.read.1.tlog
G:\Users\Steven\Documents\Visual Studio 2012\Projects\cs109hw2\cs109hw2\Debug\link.9092-rc.write.1.tlog
G:\Users\Steven\Documents\Visual Studio 2012\Projects\cs109hw2\cs109hw2\Debug\link.9092.read.1.tlog
G:\Users\Steven\Documents\Visual Studio 2012\Projects\cs109hw2\cs109hw2\Debug\link.9092.write.1.tlog
G:\Users\Steven\Documents\Visual Studio 2012\Projects\cs109hw2\cs109hw2\Debug\link.9140-cvtres.read.1.tlog
G:\Users\Steven\Documents\Visual Studio 2012\Projects\cs109hw2\cs109hw2\Debug\link.9140-cvtres.write.1.tlog
G:\Users\Steven\Documents\Visual Studio 2012\Projects\cs109hw2\cs109hw2\Debug\link.9140-rc.read.1.tlog
G:\Users\Steven\Documents\Visual Studio 2012\Projects\cs109hw2\cs109hw2\Debug\link.9140-rc.write.1.tlog
G:\Users\Steven\Documents\Visual Studio 2012\Projects\cs109hw2\cs109hw2\Debug\link.9140.read.1.tlog
G:\Users\Steven\Documents\Visual Studio 2012\Projects\cs109hw2\cs109hw2\Debug\link.9140.write.1.tlog
G:\Users\Steven\Documents\Visual Studio 2012\Projects\cs109hw2\cs109hw2\Debug\link.9344-cvtres.read.1.tlog
G:\Users\Steven\Documents\Visual Studio 2012\Projects\cs109hw2\cs109hw2\Debug\link.9344-cvtres.write.1.tlog
G:\Users\Steven\Documents\Visual Studio 2012\Projects\cs109hw2\cs109hw2\Debug\link.9344-rc.read.1.tlog
G:\Users\Steven\Documents\Visual Studio 2012\Projects\cs109hw2\cs109hw2\Debug\link.9344-rc.write.1.tlog
G:\Users\Steven\Documents\Visual Studio 2012\Projects\cs109hw2\cs109hw2\Debug\link.9344.read.1.tlog
G:\Users\Steven\Documents\Visual Studio 2012\Projects\cs109hw2\cs109hw2\Debug\link.9344.write.1.tlog
G:\Users\Steven\Documents\Visual Studio 2012\Projects\cs109hw2\cs109hw2\Debug\link.9360-cvtres.read.1.tlog
G:\Users\Steven\Documents\Visual Studio 2012\Projects\cs109hw2\cs109hw2\Debug\link.9360-cvtres.write.1.tlog
G:\Users\Steven\Documents\Visual Studio 2012\Projects\cs109hw2\cs109hw2\Debug\link.9360-rc.read.1.tlog
G:\Users\Steven\Documents\Visual Studio 2012\Projects\cs109hw2\cs109hw2\Debug\link.9360-rc.write.1.tlog
G:\Users\Steven\Documents\Visual Studio 2012\Projects\cs109hw2\cs109hw2\Debug\link.9360.read.1.tlog
G:\Users\Steven\Documents\Visual Studio 2012\Projects\cs109hw2\cs109hw2\Debug\link.9360.write.1.tlog
G:\Users\Steven\Documents\Visual Studio 2012\Projects\cs109hw2\cs109hw2\Debug\link.9464-cvtres.read.1.tlog
G:\Users\Steven\Documents\Visual Studio 2012\Projects\cs109hw2\cs109hw2\Debug\link.9464-cvtres.write.1.tlog
G:\Users\Steven\Documents\Visual Studio 2012\Projects\cs109hw2\cs109hw2\Debug\link.9464-rc.read.1.tlog
G:\Users\Steven\Documents\Visual Studio 2012\Projects\cs109hw2\cs109hw2\Debug\link.9464-rc.write.1.tlog
G:\Users\Steven\Documents\Visual Studio 2012\Projects\cs109hw2\cs109hw2\Debug\link.9464.read.1.tlog
G:\Users\Steven\Documents\Visual Studio 2012\Projects\cs109hw2\cs109hw2\Debug\link.9464.write.1.tlog
G:\Users\Steven\Documents\Visual Studio 2012\Projects\cs109hw2\cs109hw2\Debug\link.9524-cvtres.read.1.tlog
G:\Users\Steven\Documents\Visual Studio 2012\Projects\cs109hw2\cs109hw2\Debug\link.9524-cvtres.write.1.tlog
G:\Users\Steven\Documents\Visual Studio 2012\Projects\cs109hw2\cs109hw2\Debug\link.9524-rc.read.1.tlog
G:\Users\Steven\Documents\Visual Studio 2012\Projects\cs109hw2\cs109hw2\Debug\link.9524-rc.write.1.tlog
G:\Users\Steven\Documents\Visual Studio 2012\Projects\cs109hw2\cs109hw2\Debug\link.9524.read.1.tlog
G:\Users\Steven\Documents\Visual Studio 2012\Projects\cs109hw2\cs109hw2\Debug\link.9524.write.1.tlog
G:\Users\Steven\Documents\Visual Studio 2012\Projects\cs109hw2\cs109hw2\Debug\link.9680-cvtres.read.1.tlog
G:\Users\Steven\Documents\Visual Studio 2012\Projects\cs109hw2\cs109hw2\Debug\link.9680-cvtres.write.1.tlog
G:\Users\Steven\Documents\Visual Studio 2012\Projects\cs109hw2\cs109hw2\Debug\link.9680-rc.read.1.tlog
G:\Users\Steven\Documents\Visual Studio 2012\Projects\cs109hw2\cs109hw2\Debug\link.9680-rc.write.1.tlog
G:\Users\Steven\Documents\Visual Studio 2012\Projects\cs109hw2\cs109hw2\Debug\link.9680.read.1.tlog
G:\Users\Steven\Documents\Visual Studio 2012\Projects\cs109hw2\cs109hw2\Debug\link.9680.write.1.tlog
G:\Users\Steven\Documents\Visual Studio 2012\Projects\cs109hw2\cs109hw2\Debug\link.9800-cvtres.read.1.tlog
G:\Users\Steven\Documents\Visual Studio 2012\Projects\cs109hw2\cs109hw2\Debug\link.9800-cvtres.write.1.tlog
G:\Users\Steven\Documents\Visual Studio 2012\Projects\cs109hw2\cs109hw2\Debug\link.9800-rc.read.1.tlog
G:\Users\Steven\Documents\Visual Studio 2012\Projects\cs109hw2\cs109hw2\Debug\link.9800-rc.write.1.tlog
G:\Users\Steven\Documents\Visual Studio 2012\Projects\cs109hw2\cs109hw2\Debug\link.9800.read.1.tlog
G:\Users\Steven\Documents\Visual Studio 2012\Projects\cs109hw2\cs109hw2\Debug\link.9800.write.1.tlog
G:\Users\Steven\Documents\Visual Studio 2012\Projects\cs109hw2\cs109hw2\Debug\link.command.1.tlog
G:\Users\Steven\Documents\Visual Studio 2012\Projects\cs109hw2\cs109hw2\Debug\link.read.1.tlog
G:\Users\Steven\Documents\Visual Studio 2012\Projects\cs109hw2\cs109hw2\Debug\link.write.1.tlog
G:\Users\Steven\Documents\Visual Studio 2012\Projects\cs109hw2\cs109hw2\Debug\vc110.idb
G:\Users\Steven\Documents\Visual Studio 2012\Projects\cs109hw2\cs109hw2\Debug\vc110.pdb
G:\Users\Steven\Documents\Visual Studio 2012\Projects\cs109hw2\Debug\cs109hw2.pdb
G:\Users\Steven\Documents\Visual Studio 2012\Projects\cs109hw2\Debug\cs109hw2.exe
G:\Users\Steven\Documents\Visual Studio 2012\Projects\cs109hw2\Debug\cs109hw2.ilk
